OF_USE_GREEN_LED := 0
OF_FLASHLIGHT_ENABLE := 1
OF_ALLOW_DISABLE_NAVBAR := 0
OF_QUICK_BACKUP_LIST := /data;/boot;
OF_ENABLE_USB_STORAGE := 1
OF_IGNORE_LOGICAL_MOUNT_ERRORS := 1
OF_BIND_MOUNT_SDCARD_ON_FORMAT := 1
OF_FORCE_CASEFOLDING := 1
OF_SPLASH_MAX_SIZE := 512
OF_SCREEN_H := 2280
OF_STATUS_H := 50
OF_STATUS_INDENT_LEFT := 48
OF_STATUS_INDENT_RIGHT := 48
OF_HIDE_NOTCH := 1
OF_CLOCK_POS := 1
OF_OPTIONS_LIST_NUM := 6
OF_ENABLE_LPTOOLS := 1
OF_AB_DEVICE_WITH_RECOVERY_PARTITION := 1
OF_RECOVERY_AB_FULL_REFLASH_RAMDISK := 1
OF_DISABLE_OTA_MENU := 1
OF_PATCH_AVB20 := 1
OF_KEEP_DM_VERITY_FORCED_ENCRYPTION := 1
